
> start
> next start

   ▲ Next.js 15.5.6
   - Local:        http://localhost:3000
   - Network:      http://10.0.0.229:3000

 ✓ Starting...
 ✓ Ready in 1552ms

> start
> next start

   ▲ Next.js 15.5.6
   - Local:        http://localhost:3000
   - Network:      http://10.0.0.229:3000

 ✓ Starting...
 ✓ Ready in 2.5s

> start
> next start

 ⨯ Failed to start server
Error: listen EADDRINUSE: address already in use :::3000
    at <unknown> (Error: listen EADDRINUSE: address already in use :::3000)
    at new Promise (<anonymous>) {
  code: 'EADDRINUSE',
  errno: -98,
  syscall: 'listen',
  address: '::',
  port: 3000
}

> start
> next start

   ▲ Next.js 15.5.6
   - Local:        http://localhost:3000
   - Network:      http://10.0.0.229:3000

 ✓ Starting...
 ✓ Ready in 2.4s

> start
> next start

   ▲ Next.js 15.5.6
   - Local:        http://localhost:3000
   - Network:      http://192.168.1.74:3000

 ✓ Starting...
 ✓ Ready in 2.1s

> start
> next start

   ▲ Next.js 15.5.6
   - Local:        http://localhost:3000
   - Network:      http://10.0.0.229:3000

 ✓ Starting...
 ✓ Ready in 2.1s

> start
> next start

   ▲ Next.js 15.5.6
   - Local:        http://localhost:3000
   - Network:      http://10.0.0.229:3000

 ✓ Starting...
 ✓ Ready in 2.2s
